<?xml version="1.0" encoding="UTF-8"?>
<!-- Generated by org.testng.reporters.JUnitXMLReporter -->
<testsuite hostname="Austins-iMac.local" name="Command line test" tests="16" failures="0" timestamp="23 Oct 2013 16:16:57 GMT" time="12.439" errors="0">
  <testcase name="testBruiser" time="0.174" classname="com.austingantner.codingchallengerewritelib.AchievementEvaluatorNGTest"/>
  <testcase name="testEvaluatePlayer" time="0.29" classname="com.austingantner.codingchallengerewritelib.AchievementEvaluatorNGTest"/>
  <testcase name="testFinishingTouch" time="0.006" classname="com.austingantner.codingchallengerewritelib.AchievementEvaluatorNGTest"/>
  <testcase name="testHoudini" time="0.007" classname="com.austingantner.codingchallengerewritelib.AchievementEvaluatorNGTest"/>
  <testcase name="testMageRage" time="0.006" classname="com.austingantner.codingchallengerewritelib.AchievementEvaluatorNGTest"/>
  <testcase name="testOneManWreckingCrew" time="0.009" classname="com.austingantner.codingchallengerewritelib.AchievementEvaluatorNGTest"/>
  <testcase name="testSharpShooter" time="0.006" classname="com.austingantner.codingchallengerewritelib.AchievementEvaluatorNGTest"/>
  <testcase name="testVeteran" time="0.009" classname="com.austingantner.codingchallengerewritelib.AchievementEvaluatorNGTest"/>
  <testcase name="testWarrior" time="0.006" classname="com.austingantner.codingchallengerewritelib.AchievementEvaluatorNGTest"/>
  <testcase name="testWingman" time="0.01" classname="com.austingantner.codingchallengerewritelib.AchievementEvaluatorNGTest"/>
  <testcase name="testWorthless" time="0.009" classname="com.austingantner.codingchallengerewritelib.AchievementEvaluatorNGTest"/>
  <testcase name="testGetTeam1Stat" time="0.0" classname="com.austingantner.codingchallengerewritelib.GameNGTest"/>
  <testcase name="testGetTeam2Stat" time="0.0" classname="com.austingantner.codingchallengerewritelib.GameNGTest"/>
  <testcase name="testRandomGame_0args" time="3.19" classname="com.austingantner.codingchallengerewritelib.SimulatorNGTest"/>
  <testcase name="testRandomGame_int" time="8.692" classname="com.austingantner.codingchallengerewritelib.SimulatorNGTest"/>
  <testcase name="testRandomPlayer" time="0.0" classname="com.austingantner.codingchallengerewritelib.SimulatorNGTest"/>
</testsuite> <!-- Command line test -->
