<?xml version="1.0" encoding="UTF-8"?>
<!-- Generated by org.testng.reporters.JUnitXMLReporter -->
<testsuite hostname="Austins-iMac.local" name="Command line test" tests="15" failures="0" timestamp="9 Jul 2013 04:08:37 GMT" time="0.67" errors="0">
  <testcase name="testBruiser" time="0.188" classname="com.austingantner.codingchallengerewritelib.AchievementEvaluatorNGTest"/>
  <testcase name="testFinishingTouch" time="0.007" classname="com.austingantner.codingchallengerewritelib.AchievementEvaluatorNGTest"/>
  <testcase name="testHoudini" time="0.007" classname="com.austingantner.codingchallengerewritelib.AchievementEvaluatorNGTest"/>
  <testcase name="testMageRage" time="0.007" classname="com.austingantner.codingchallengerewritelib.AchievementEvaluatorNGTest"/>
  <testcase name="testOneManWreckingCrew" time="0.01" classname="com.austingantner.codingchallengerewritelib.AchievementEvaluatorNGTest"/>
  <testcase name="testSharpShooter" time="0.007" classname="com.austingantner.codingchallengerewritelib.AchievementEvaluatorNGTest"/>
  <testcase name="testVeteran" time="0.011" classname="com.austingantner.codingchallengerewritelib.AchievementEvaluatorNGTest"/>
  <testcase name="testWarrior" time="0.008" classname="com.austingantner.codingchallengerewritelib.AchievementEvaluatorNGTest"/>
  <testcase name="testWingman" time="0.011" classname="com.austingantner.codingchallengerewritelib.AchievementEvaluatorNGTest"/>
  <testcase name="testWorthless" time="0.011" classname="com.austingantner.codingchallengerewritelib.AchievementEvaluatorNGTest"/>
  <testcase name="testGetTeam1Stat" time="0.002" classname="com.austingantner.codingchallengerewritelib.GameNGTest"/>
  <testcase name="testGetTeam2Stat" time="0.0" classname="com.austingantner.codingchallengerewritelib.GameNGTest"/>
  <testcase name="testRandomGame_0args" time="0.217" classname="com.austingantner.codingchallengerewritelib.SimulatorNGTest"/>
  <testcase name="testRandomGame_int" time="0.157" classname="com.austingantner.codingchallengerewritelib.SimulatorNGTest"/>
  <testcase name="testRandomPlayer" time="0.003" classname="com.austingantner.codingchallengerewritelib.SimulatorNGTest"/>
</testsuite> <!-- Command line test -->
